d:\repositories\spreadsheet\build\spreadsheet.dir\debug\vc143.pdb
d:\repositories\spreadsheet\build\spreadsheet.dir\debug\structures.obj
d:\repositories\spreadsheet\build\spreadsheet.dir\debug\sheet.obj
d:\repositories\spreadsheet\build\spreadsheet.dir\debug\main.obj
d:\repositories\spreadsheet\build\spreadsheet.dir\debug\formula.obj
d:\repositories\spreadsheet\build\spreadsheet.dir\debug\cell.obj
d:\repositories\spreadsheet\build\spreadsheet.dir\debug\formulaast.obj
d:\repositories\spreadsheet\build\spreadsheet.dir\debug\formulalistener.obj
d:\repositories\spreadsheet\build\spreadsheet.dir\debug\formulabaselistener.obj
d:\repositories\spreadsheet\build\spreadsheet.dir\debug\formulaparser.obj
d:\repositories\spreadsheet\build\spreadsheet.dir\debug\formulalexer.obj
d:\repositories\spreadsheet\build\antlr4cpp_generated_src\formula\formulalexer.interp
d:\repositories\spreadsheet\build\antlr4cpp_generated_src\formula\formulalexer.tokens
d:\repositories\spreadsheet\build\antlr4cpp_generated_src\formula\formulalexer.h
d:\repositories\spreadsheet\build\antlr4cpp_generated_src\formula\formulalexer.cpp
d:\repositories\spreadsheet\build\antlr4cpp_generated_src\formula\formulaparser.h
d:\repositories\spreadsheet\build\antlr4cpp_generated_src\formula\formulaparser.cpp
d:\repositories\spreadsheet\build\antlr4cpp_generated_src\formula\formulabaselistener.h
d:\repositories\spreadsheet\build\antlr4cpp_generated_src\formula\formulabaselistener.cpp
d:\repositories\spreadsheet\build\antlr4cpp_generated_src\formula\formulalistener.h
d:\repositories\spreadsheet\build\antlr4cpp_generated_src\formula\formulalistener.cpp
d:\repositories\spreadsheet\build\cmakefiles\generate.stamp
d:\repositories\spreadsheet\build\debug\spreadsheet.exe
d:\repositories\spreadsheet\build\debug\spreadsheet.pdb
d:\repositories\spreadsheet\build\spreadsheet.dir\debug\spreadsheet.ilk
d:\repositories\spreadsheet\build\spreadsheet.dir\debug\spreadsheet.tlog\cl.command.1.tlog
d:\repositories\spreadsheet\build\spreadsheet.dir\debug\spreadsheet.tlog\cl.items.tlog
d:\repositories\spreadsheet\build\spreadsheet.dir\debug\spreadsheet.tlog\cl.read.1.tlog
d:\repositories\spreadsheet\build\spreadsheet.dir\debug\spreadsheet.tlog\cl.write.1.tlog
d:\repositories\spreadsheet\build\spreadsheet.dir\debug\spreadsheet.tlog\custombuild.command.1.tlog
d:\repositories\spreadsheet\build\spreadsheet.dir\debug\spreadsheet.tlog\custombuild.read.1.tlog
d:\repositories\spreadsheet\build\spreadsheet.dir\debug\spreadsheet.tlog\custombuild.write.1.tlog
d:\repositories\spreadsheet\build\spreadsheet.dir\debug\spreadsheet.tlog\link.command.1.tlog
d:\repositories\spreadsheet\build\spreadsheet.dir\debug\spreadsheet.tlog\link.read.1.tlog
d:\repositories\spreadsheet\build\spreadsheet.dir\debug\spreadsheet.tlog\link.secondary.1.tlog
d:\repositories\spreadsheet\build\spreadsheet.dir\debug\spreadsheet.tlog\link.write.1.tlog
