d:\repositories\spreadsheet\build\antlr4_runtime\runtime\antlr4_shared.dir\debug\commontokenstream.obj
d:\repositories\spreadsheet\build\antlr4_runtime\runtime\antlr4_shared.dir\debug\interpreterrulecontext.obj
d:\repositories\spreadsheet\build\antlr4_runtime\runtime\antlr4_shared.dir\debug\token.obj
d:\repositories\spreadsheet\build\antlr4_runtime\runtime\antlr4_shared.dir\debug\unbufferedcharstream.obj
d:\repositories\spreadsheet\build\antlr4_runtime\runtime\antlr4_shared.dir\debug\decisioninfo.obj
d:\repositories\spreadsheet\build\antlr4_runtime\runtime\antlr4_shared.dir\debug\lexerpushmodeaction.obj
d:\repositories\spreadsheet\build\antlr4_runtime\runtime\antlr4_shared.dir\debug\rangetransition.obj
d:\repositories\spreadsheet\build\antlr4_runtime\runtime\antlr4_shared.dir\debug\dfastate.obj
d:\repositories\spreadsheet\build\antlr4_runtime\runtime\antlr4_shared.dir\debug\utf8.obj
d:\repositories\spreadsheet\build\antlr4_runtime\runtime\antlr4_shared.dir\debug\xpathelement.obj
d:\repositories\spreadsheet\build\antlr4_runtime\runtime\antlr4_shared.dir\debug\antlrfilestream.obj
d:\repositories\spreadsheet\build\antlr4_runtime\runtime\antlr4_shared.dir\debug\recognitionexception.obj
d:\repositories\spreadsheet\build\antlr4_runtime\runtime\antlr4_shared.dir\debug\tokenstreamrewriter.obj
d:\repositories\spreadsheet\build\antlr4_runtime\runtime\antlr4_shared.dir\debug\errorinfo.obj
d:\repositories\spreadsheet\build\antlr4_runtime\runtime\antlr4_shared.dir\debug\lexertypeaction.obj
d:\repositories\spreadsheet\build\antlr4_runtime\runtime\antlr4_shared.dir\debug\semanticcontext.obj
d:\repositories\spreadsheet\build\antlr4_runtime\runtime\antlr4_shared.dir\debug\murmurhash.obj
d:\repositories\spreadsheet\build\antlr4_runtime\runtime\antlr4_shared.dir\debug\ruletagtoken.obj
d:\repositories\spreadsheet\build\antlr4_runtime\runtime\antlr4_shared.dir\debug\bufferedtokenstream.obj
d:\repositories\spreadsheet\build\antlr4_runtime\runtime\antlr4_shared.dir\debug\recognizer.obj
d:\repositories\spreadsheet\build\antlr4_runtime\runtime\antlr4_shared.dir\debug\contextsensitivityinfo.obj
d:\repositories\spreadsheet\build\antlr4_runtime\runtime\antlr4_shared.dir\debug\lexerpopmodeaction.obj
d:\repositories\spreadsheet\build\antlr4_runtime\runtime\antlr4_shared.dir\debug\parseratnsimulator.obj
d:\repositories\spreadsheet\build\antlr4_runtime\runtime\antlr4_shared.dir\debug\arrays.obj
d:\repositories\spreadsheet\build\antlr4_runtime\runtime\antlr4_shared.dir\debug\parsetreepatternmatcher.obj
d:\repositories\spreadsheet\build\antlr4_runtime\runtime\antlr4_shared.dir\debug\defaulterrorstrategy.obj
d:\repositories\spreadsheet\build\antlr4_runtime\runtime\antlr4_shared.dir\debug\tokensource.obj
d:\repositories\spreadsheet\build\antlr4_runtime\runtime\antlr4_shared.dir\debug\decisioneventinfo.obj
d:\repositories\spreadsheet\build\antlr4_runtime\runtime\antlr4_shared.dir\debug\lexeraction.obj
d:\repositories\spreadsheet\build\antlr4_runtime\runtime\antlr4_shared.dir\debug\precedencepredicatetransition.obj
d:\repositories\spreadsheet\build\antlr4_runtime\runtime\antlr4_shared.dir\debug\starloopbackstate.obj
d:\repositories\spreadsheet\build\antlr4_runtime\runtime\antlr4_shared.dir\debug\predicate.obj
d:\repositories\spreadsheet\build\antlr4_runtime\runtime\antlr4_shared.dir\debug\chunk.obj
d:\repositories\spreadsheet\build\antlr4_runtime\runtime\antlr4_shared.dir\debug\xpathwildcardelement.obj
d:\repositories\spreadsheet\build\antlr4_runtime\runtime\antlr4_shared.dir\debug\antlrerrorlistener.obj
d:\repositories\spreadsheet\build\antlr4_runtime\runtime\antlr4_shared.dir\debug\lexerinterpreter.obj
d:\repositories\spreadsheet\build\antlr4_runtime\runtime\antlr4_shared.dir\debug\atnstate.obj
d:\repositories\spreadsheet\build\antlr4_runtime\runtime\antlr4_shared.dir\debug\lexeratnsimulator.obj
d:\repositories\spreadsheet\build\antlr4_runtime\runtime\antlr4_shared.dir\debug\predicateevalinfo.obj
d:\repositories\spreadsheet\build\antlr4_runtime\runtime\antlr4_shared.dir\debug\wildcardtransition.obj
d:\repositories\spreadsheet\build\antlr4_runtime\runtime\antlr4_shared.dir\debug\trees.obj
d:\repositories\spreadsheet\build\antlr4_runtime\runtime\antlr4_shared.dir\debug\exceptions.obj
d:\repositories\spreadsheet\build\antlr4_runtime\runtime\antlr4_shared.dir\debug\parserinterpreter.obj
d:\repositories\spreadsheet\build\antlr4_runtime\runtime\antlr4_shared.dir\debug\atndeserializer.obj
d:\repositories\spreadsheet\build\antlr4_runtime\runtime\antlr4_shared.dir\debug\lookaheadeventinfo.obj
d:\repositories\spreadsheet\build\antlr4_runtime\runtime\antlr4_shared.dir\debug\singletonpredictioncontext.obj
d:\repositories\spreadsheet\build\antlr4_runtime\runtime\antlr4_shared.dir\debug\cpputils.obj
d:\repositories\spreadsheet\build\antlr4_runtime\runtime\antlr4_shared.dir\debug\parsetreepattern.obj
d:\repositories\spreadsheet\build\antlr4_runtime\runtime\antlr4_shared.dir\debug\xpathruleanywhereelement.obj
d:\repositories\spreadsheet\build\antlr4_runtime\runtime\antlr4_shared.dir\debug\antlrerrorstrategy.obj
d:\repositories\spreadsheet\build\antlr4_runtime\runtime\antlr4_shared.dir\debug\intstream.obj
d:\repositories\spreadsheet\build\antlr4_runtime\runtime\antlr4_shared.dir\debug\proxyerrorlistener.obj
d:\repositories\spreadsheet\build\antlr4_runtime\runtime\antlr4_shared.dir\debug\vocabulary.obj
d:\repositories\spreadsheet\build\antlr4_runtime\runtime\antlr4_shared.dir\debug\atomtransition.obj
d:\repositories\spreadsheet\build\antlr4_runtime\runtime\antlr4_shared.dir\debug\lexercustomaction.obj
d:\repositories\spreadsheet\build\antlr4_runtime\runtime\antlr4_shared.dir\debug\parseinfo.obj
d:\repositories\spreadsheet\build\antlr4_runtime\runtime\antlr4_shared.dir\debug\errornodeimpl.obj
d:\repositories\spreadsheet\build\antlr4_runtime\runtime\antlr4_shared.dir\debug\xpathlexer.obj
d:\repositories\spreadsheet\build\antlr4_runtime\runtime\antlr4_shared.dir\debug\charstream.obj
d:\repositories\spreadsheet\build\antlr4_runtime\runtime\antlr4_shared.dir\debug\rulecontext.obj
d:\repositories\spreadsheet\build\antlr4_runtime\runtime\antlr4_shared.dir\debug\atnconfig.obj
d:\repositories\spreadsheet\build\antlr4_runtime\runtime\antlr4_shared.dir\debug\lexerindexedcustomaction.obj
d:\repositories\spreadsheet\build\antlr4_runtime\runtime\antlr4_shared.dir\debug\notsettransition.obj
d:\repositories\spreadsheet\build\antlr4_runtime\runtime\antlr4_shared.dir\debug\ruletransition.obj
d:\repositories\spreadsheet\build\antlr4_runtime\runtime\antlr4_shared.dir\debug\intervalset.obj
d:\repositories\spreadsheet\build\antlr4_runtime\runtime\antlr4_shared.dir\debug\xpathtokenanywhereelement.obj
d:\repositories\spreadsheet\build\antlr4_runtime\runtime\antlr4_shared.dir\debug\baseerrorlistener.obj
d:\repositories\spreadsheet\build\antlr4_runtime\runtime\antlr4_shared.dir\debug\parser.obj
d:\repositories\spreadsheet\build\antlr4_runtime\runtime\antlr4_shared.dir\debug\atnsimulator.obj
d:\repositories\spreadsheet\build\antlr4_runtime\runtime\antlr4_shared.dir\debug\lexermoreaction.obj
d:\repositories\spreadsheet\build\antlr4_runtime\runtime\antlr4_shared.dir\debug\settransition.obj
d:\repositories\spreadsheet\build\antlr4_runtime\runtime\antlr4_shared.dir\debug\any.obj
d:\repositories\spreadsheet\build\antlr4_runtime\runtime\antlr4_shared.dir\debug\parsetreewalker.obj
d:\repositories\spreadsheet\build\antlr4_runtime\runtime\antlr4_shared.dir\debug\xpathruleelement.obj
d:\repositories\spreadsheet\build\antlr4_runtime\runtime\antlr4_shared.dir\debug\consoleerrorlistener.obj
d:\repositories\spreadsheet\build\antlr4_runtime\runtime\antlr4_shared.dir\debug\parserrulecontext.obj
d:\repositories\spreadsheet\build\antlr4_runtime\runtime\antlr4_shared.dir\debug\writabletoken.obj
d:\repositories\spreadsheet\build\antlr4_runtime\runtime\antlr4_shared.dir\debug\ambiguityinfo.obj
d:\repositories\spreadsheet\build\antlr4_runtime\runtime\antlr4_shared.dir\debug\epsilontransition.obj
d:\repositories\spreadsheet\build\antlr4_runtime\runtime\antlr4_shared.dir\debug\lexerskipaction.obj
d:\repositories\spreadsheet\build\antlr4_runtime\runtime\antlr4_shared.dir\debug\profilingatnsimulator.obj
d:\repositories\spreadsheet\build\antlr4_runtime\runtime\antlr4_shared.dir\debug\lexerdfaserializer.obj
d:\repositories\spreadsheet\build\antlr4_runtime\runtime\antlr4_shared.dir\debug\parsetreelistener.obj
d:\repositories\spreadsheet\build\antlr4_runtime\runtime\antlr4_shared.dir\debug\textchunk.obj
d:\repositories\spreadsheet\build\antlr4_runtime\runtime\antlr4_shared.dir\debug\xpathwildcardanywhereelement.obj
d:\repositories\spreadsheet\build\antlr4_runtime\runtime\antlr4_shared.dir\debug\antlrinputstream.obj
d:\repositories\spreadsheet\build\antlr4_runtime\runtime\antlr4_shared.dir\debug\lexer.obj
d:\repositories\spreadsheet\build\antlr4_runtime\runtime\antlr4_shared.dir\debug\rulecontextwithaltnum.obj
d:\repositories\spreadsheet\build\antlr4_runtime\runtime\antlr4_shared.dir\debug\atnstatetype.obj
d:\repositories\spreadsheet\build\antlr4_runtime\runtime\antlr4_shared.dir\debug\lexermodeaction.obj
d:\repositories\spreadsheet\build\antlr4_runtime\runtime\antlr4_shared.dir\debug\predictioncontext.obj
d:\repositories\spreadsheet\build\antlr4_runtime\runtime\antlr4_shared.dir\debug\transitiontype.obj
d:\repositories\spreadsheet\build\antlr4_runtime\runtime\antlr4_shared.dir\debug\interpreterdatareader.obj
d:\repositories\spreadsheet\build\antlr4_runtime\runtime\antlr4_shared.dir\debug\parsetree.obj
d:\repositories\spreadsheet\build\antlr4_runtime\runtime\antlr4_shared.dir\debug\commontoken.obj
d:\repositories\spreadsheet\build\antlr4_runtime\runtime\antlr4_shared.dir\debug\noviablealtexception.obj
d:\repositories\spreadsheet\build\antlr4_runtime\runtime\antlr4_shared.dir\debug\arraypredictioncontext.obj
d:\repositories\spreadsheet\build\antlr4_runtime\runtime\antlr4_shared.dir\debug\lexeractionexecutor.obj
d:\repositories\spreadsheet\build\antlr4_runtime\runtime\antlr4_shared.dir\debug\predictionmode.obj
d:\repositories\spreadsheet\build\antlr4_runtime\runtime\antlr4_shared.dir\debug\interval.obj
d:\repositories\spreadsheet\build\antlr4_runtime\runtime\antlr4_shared.dir\debug\tagchunk.obj
d:\repositories\spreadsheet\build\antlr4_runtime\runtime\antlr4_shared.dir\debug\bailerrorstrategy.obj
d:\repositories\spreadsheet\build\antlr4_runtime\runtime\antlr4_shared.dir\debug\inputmismatchexception.obj
d:\repositories\spreadsheet\build\antlr4_runtime\runtime\antlr4_shared.dir\debug\tokenstream.obj
d:\repositories\spreadsheet\build\antlr4_runtime\runtime\antlr4_shared.dir\debug\atn.obj
d:\repositories\spreadsheet\build\antlr4_runtime\runtime\antlr4_shared.dir\debug\decisionstate.obj
d:\repositories\spreadsheet\build\antlr4_runtime\runtime\antlr4_shared.dir\debug\orderedatnconfigset.obj
d:\repositories\spreadsheet\build\antlr4_runtime\runtime\antlr4_shared.dir\debug\dfa.obj
d:\repositories\spreadsheet\build\antlr4_runtime\runtime\antlr4_shared.dir\debug\terminalnodeimpl.obj
d:\repositories\spreadsheet\build\antlr4_runtime\runtime\antlr4_shared.dir\debug\xpathlexererrorlistener.obj
d:\repositories\spreadsheet\build\antlr4_runtime\runtime\antlr4_shared.dir\debug\diagnosticerrorlistener.obj
d:\repositories\spreadsheet\build\antlr4_runtime\runtime\antlr4_shared.dir\debug\listtokensource.obj
d:\repositories\spreadsheet\build\antlr4_runtime\runtime\antlr4_shared.dir\debug\unbufferedtokenstream.obj
d:\repositories\spreadsheet\build\antlr4_runtime\runtime\antlr4_shared.dir\debug\actiontransition.obj
d:\repositories\spreadsheet\build\antlr4_runtime\runtime\antlr4_shared.dir\debug\lexeratnconfig.obj
d:\repositories\spreadsheet\build\antlr4_runtime\runtime\antlr4_shared.dir\debug\predicatetransition.obj
d:\repositories\spreadsheet\build\antlr4_runtime\runtime\antlr4_shared.dir\debug\transition.obj
d:\repositories\spreadsheet\build\antlr4_runtime\runtime\antlr4_shared.dir\debug\stringutils.obj
d:\repositories\spreadsheet\build\antlr4_runtime\runtime\antlr4_shared.dir\debug\parsetreevisitor.obj
d:\repositories\spreadsheet\build\antlr4_runtime\runtime\antlr4_shared.dir\debug\xpath.obj
d:\repositories\spreadsheet\build\antlr4_runtime\runtime\antlr4_shared.dir\debug\failedpredicateexception.obj
d:\repositories\spreadsheet\build\antlr4_runtime\runtime\antlr4_shared.dir\debug\lexernoviablealtexception.obj
d:\repositories\spreadsheet\build\antlr4_runtime\runtime\antlr4_shared.dir\debug\atnconfigset.obj
d:\repositories\spreadsheet\build\antlr4_runtime\runtime\antlr4_shared.dir\debug\ll1analyzer.obj
d:\repositories\spreadsheet\build\antlr4_runtime\runtime\antlr4_shared.dir\debug\predictioncontextcache.obj
d:\repositories\spreadsheet\build\antlr4_runtime\runtime\antlr4_shared.dir\debug\synchronization.obj
d:\repositories\spreadsheet\build\antlr4_runtime\runtime\antlr4_shared.dir\debug\iterativeparsetreewalker.obj
d:\repositories\spreadsheet\build\antlr4_runtime\runtime\antlr4_shared.dir\debug\tokentagtoken.obj
d:\repositories\spreadsheet\build\antlr4_runtime\runtime\antlr4_shared.dir\debug\commontokenfactory.obj
d:\repositories\spreadsheet\build\antlr4_runtime\runtime\antlr4_shared.dir\debug\runtimemetadata.obj
d:\repositories\spreadsheet\build\antlr4_runtime\runtime\antlr4_shared.dir\debug\atndeserializationoptions.obj
d:\repositories\spreadsheet\build\antlr4_runtime\runtime\antlr4_shared.dir\debug\lexerchannelaction.obj
d:\repositories\spreadsheet\build\antlr4_runtime\runtime\antlr4_shared.dir\debug\predictioncontextmergecache.obj
d:\repositories\spreadsheet\build\antlr4_runtime\runtime\antlr4_shared.dir\debug\dfaserializer.obj
d:\repositories\spreadsheet\build\antlr4_runtime\runtime\antlr4_shared.dir\debug\parsetreematch.obj
d:\repositories\spreadsheet\build\antlr4_runtime\runtime\antlr4_shared.dir\debug\xpathtokenelement.obj
d:\repositories\spreadsheet\build\antlr4_runtime\runtime\antlr4_shared.dir\debug\vc143.pdb
d:\repositories\spreadsheet\build\antlr4_runtime\runtime\cmakefiles\generate.stamp
d:\repositories\spreadsheet\build\antlr4_runtime\runtime\debug\antlr4-runtime.dll
d:\repositories\spreadsheet\build\antlr4_runtime\runtime\debug\antlr4-runtime.pdb
d:\repositories\spreadsheet\build\antlr4_runtime\runtime\debug\antlr4-runtime.lib
d:\repositories\spreadsheet\build\antlr4_runtime\runtime\debug\antlr4-runtime.exp
d:\repositories\spreadsheet\build\antlr4_runtime\runtime\antlr4_shared.dir\debug\antlr4-runtime.ilk
d:\repositories\spreadsheet\build\antlr4_runtime\runtime\antlr4_shared.dir\debug\antlr4_shared.tlog\cl.10640.write.1.tlog
d:\repositories\spreadsheet\build\antlr4_runtime\runtime\antlr4_shared.dir\debug\antlr4_shared.tlog\cl.command.1.tlog
d:\repositories\spreadsheet\build\antlr4_runtime\runtime\antlr4_shared.dir\debug\antlr4_shared.tlog\cl.items.tlog
d:\repositories\spreadsheet\build\antlr4_runtime\runtime\antlr4_shared.dir\debug\antlr4_shared.tlog\cl.read.1.tlog
d:\repositories\spreadsheet\build\antlr4_runtime\runtime\antlr4_shared.dir\debug\antlr4_shared.tlog\custombuild.command.1.tlog
d:\repositories\spreadsheet\build\antlr4_runtime\runtime\antlr4_shared.dir\debug\antlr4_shared.tlog\custombuild.read.1.tlog
d:\repositories\spreadsheet\build\antlr4_runtime\runtime\antlr4_shared.dir\debug\antlr4_shared.tlog\custombuild.write.1.tlog
d:\repositories\spreadsheet\build\antlr4_runtime\runtime\antlr4_shared.dir\debug\antlr4_shared.tlog\link.command.1.tlog
d:\repositories\spreadsheet\build\antlr4_runtime\runtime\antlr4_shared.dir\debug\antlr4_shared.tlog\link.read.1.tlog
d:\repositories\spreadsheet\build\antlr4_runtime\runtime\antlr4_shared.dir\debug\antlr4_shared.tlog\link.secondary.1.tlog
d:\repositories\spreadsheet\build\antlr4_runtime\runtime\antlr4_shared.dir\debug\antlr4_shared.tlog\link.write.1.tlog
